;;; TOOL: run-interp-spec
;;; STDIN_FILE: third_party/testsuite/proposals/extended-const/data.wast
;;; ARGS*: --enable-extended-const
(;; STDOUT ;;;
out/test/spec/extended-const/data.wast:325: assert_invalid passed:
  0000000: error: memory variable out of range: 0 (max 0)
  000000c: error: BeginDataSegment callback failed
out/test/spec/extended-const/data.wast:333: assert_invalid passed:
  0000000: error: memory variable out of range: 1 (max 1)
  0000012: error: BeginDataSegment callback failed
out/test/spec/extended-const/data.wast:346: assert_invalid passed:
  0000000: error: memory variable out of range: 0 (max 0)
  000000c: error: BeginDataSegment callback failed
out/test/spec/extended-const/data.wast:357: assert_invalid passed:
  0000000: error: memory variable out of range: 1 (max 0)
  000000d: error: BeginDataSegment callback failed
out/test/spec/extended-const/data.wast:369: assert_invalid passed:
  0000000: error: memory variable out of range: 1 (max 1)
  0000012: error: BeginDataSegment callback failed
out/test/spec/extended-const/data.wast:391: assert_invalid passed:
  0000000: error: memory variable out of range: 1 (max 0)
  000000d: error: BeginDataSegment callback failed
out/test/spec/extended-const/data.wast:410: assert_invalid passed:
  out/test/spec/extended-const/data/data.49.wasm:0000013: error: type mismatch in initializer expression, expected [i32] but got [i64]
  0000014: error: EndDataSegmentInitExpr callback failed
out/test/spec/extended-const/data.wast:418: assert_invalid passed:
  out/test/spec/extended-const/data/data.50.wasm:0000013: error: type mismatch in initializer expression, expected [i32] but got [funcref]
  0000014: error: EndDataSegmentInitExpr callback failed
out/test/spec/extended-const/data.wast:426: assert_invalid passed:
  out/test/spec/extended-const/data/data.51.wasm:0000011: error: type mismatch in initializer expression, expected [i32] but got []
  0000012: error: EndDataSegmentInitExpr callback failed
out/test/spec/extended-const/data.wast:434: assert_invalid passed:
  out/test/spec/extended-const/data/data.52.wasm:0000015: error: type mismatch at end of initializer expression, expected [] but got [i32]
  0000016: error: EndDataSegmentInitExpr callback failed
out/test/spec/extended-const/data.wast:442: assert_invalid passed:
  out/test/spec/extended-const/data/data.53.wasm:000002b: error: type mismatch at end of initializer expression, expected [] but got [i32]
  000002c: error: EndDataSegmentInitExpr callback failed
out/test/spec/extended-const/data.wast:451: assert_invalid passed:
  out/test/spec/extended-const/data/data.54.wasm:000002b: error: type mismatch at end of initializer expression, expected [] but got [i32]
  000002c: error: EndDataSegmentInitExpr callback failed
out/test/spec/extended-const/data.wast:460: assert_invalid passed:
  out/test/spec/extended-const/data/data.55.wasm:0000014: error: invalid initializer: instruction not valid in initializer expression: i32.ctz
  0000014: error: OnUnaryExpr callback failed
out/test/spec/extended-const/data.wast:468: assert_invalid passed:
  out/test/spec/extended-const/data/data.56.wasm:0000012: error: invalid initializer: instruction not valid in initializer expression: nop
  0000012: error: OnNopExpr callback failed
out/test/spec/extended-const/data.wast:476: assert_invalid passed:
  out/test/spec/extended-const/data/data.57.wasm:0000012: error: invalid initializer: instruction not valid in initializer expression: nop
  0000012: error: OnNopExpr callback failed
out/test/spec/extended-const/data.wast:484: assert_invalid passed:
  out/test/spec/extended-const/data/data.58.wasm:0000014: error: invalid initializer: instruction not valid in initializer expression: nop
  0000014: error: OnNopExpr callback failed
out/test/spec/extended-const/data.wast:498: assert_invalid passed:
  0000000: error: global variable out of range: 0 (max 0)
  0000013: error: OnGlobalGetExpr callback failed
out/test/spec/extended-const/data.wast:506: assert_invalid passed:
  0000000: error: global variable out of range: 1 (max 1)
  0000029: error: OnGlobalGetExpr callback failed
out/test/spec/extended-const/data.wast:515: assert_invalid passed:
  out/test/spec/extended-const/data/data.61.wasm:000002d: error: initializer expression cannot reference a mutable global
  000002d: error: OnGlobalGetExpr callback failed
33/33 tests passed.
;;; STDOUT ;;)
